<?xml version="1.0" encoding="UTF-8"?>
<testsuite xmlns:xsi="http://www.w3.org/2001/XMLSchema-instance" xsi:noNamespaceSchemaLocation="https://maven.apache.org/surefire/maven-surefire-plugin/xsd/surefire-test-report-3.0.xsd" version="3.0" name="com.example.devopsproject.services.TeacherRepositoryTest" time="1.504" tests="3" errors="0" skipped="0" failures="0">
  <properties>
    <property name="awt.toolkit" value="sun.awt.X11.XToolkit"/>
    <property name="java.specification.version" value="11"/>
    <property name="sun.cpu.isalist" value=""/>
    <property name="sun.jnu.encoding" value="UTF-8"/>
    <property name="java.class.path" value="/home/kali/DevOpsProject/target/test-classes:/home/kali/DevOpsProject/target/classes:/home/kali/.m2/repository/org/springframework/boot/spring-boot-starter-web/2.7.4/spring-boot-starter-web-2.7.4.jar:/home/kali/.m2/repository/org/springframework/boot/spring-boot-starter/2.7.4/spring-boot-starter-2.7.4.jar:/home/kali/.m2/repository/org/springframework/boot/spring-boot/2.7.4/spring-boot-2.7.4.jar:/home/kali/.m2/repository/org/springframework/boot/spring-boot-autoconfigure/2.7.4/spring-boot-autoconfigure-2.7.4.jar:/home/kali/.m2/repository/org/springframework/boot/spring-boot-starter-logging/2.7.4/spring-boot-starter-logging-2.7.4.jar:/home/kali/.m2/repository/ch/qos/logback/logback-classic/1.2.11/logback-classic-1.2.11.jar:/home/kali/.m2/repository/ch/qos/logback/logback-core/1.2.11/logback-core-1.2.11.jar:/home/kali/.m2/repository/org/apache/logging/log4j/log4j-to-slf4j/2.17.2/log4j-to-slf4j-2.17.2.jar:/home/kali/.m2/repository/org/apache/logging/log4j/log4j-api/2.17.2/log4j-api-2.17.2.jar:/home/kali/.m2/repository/org/slf4j/jul-to-slf4j/1.7.36/jul-to-slf4j-1.7.36.jar:/home/kali/.m2/repository/jakarta/annotation/jakarta.annotation-api/1.3.5/jakarta.annotation-api-1.3.5.jar:/home/kali/.m2/repository/org/springframework/boot/spring-boot-starter-json/2.7.4/spring-boot-starter-json-2.7.4.jar:/home/kali/.m2/repository/com/fasterxml/jackson/core/jackson-databind/2.13.4/jackson-databind-2.13.4.jar:/home/kali/.m2/repository/com/fasterxml/jackson/core/jackson-annotations/2.13.4/jackson-annotations-2.13.4.jar:/home/kali/.m2/repository/com/fasterxml/jackson/core/jackson-core/2.13.4/jackson-core-2.13.4.jar:/home/kali/.m2/repository/com/fasterxml/jackson/datatype/jackson-datatype-jdk8/2.13.4/jackson-datatype-jdk8-2.13.4.jar:/home/kali/.m2/repository/com/fasterxml/jackson/datatype/jackson-datatype-jsr310/2.13.4/jackson-datatype-jsr310-2.13.4.jar:/home/kali/.m2/repository/com/fasterxml/jackson/module/jackson-module-parameter-names/2.13.4/jackson-module-parameter-names-2.13.4.jar:/home/kali/.m2/repository/org/springframework/boot/spring-boot-starter-tomcat/2.7.4/spring-boot-starter-tomcat-2.7.4.jar:/home/kali/.m2/repository/org/apache/tomcat/embed/tomcat-embed-core/9.0.65/tomcat-embed-core-9.0.65.jar:/home/kali/.m2/repository/org/apache/tomcat/embed/tomcat-embed-el/9.0.65/tomcat-embed-el-9.0.65.jar:/home/kali/.m2/repository/org/apache/tomcat/embed/tomcat-embed-websocket/9.0.65/tomcat-embed-websocket-9.0.65.jar:/home/kali/.m2/repository/org/springframework/spring-web/5.3.23/spring-web-5.3.23.jar:/home/kali/.m2/repository/org/springframework/spring-beans/5.3.23/spring-beans-5.3.23.jar:/home/kali/.m2/repository/org/springframework/spring-webmvc/5.3.23/spring-webmvc-5.3.23.jar:/home/kali/.m2/repository/org/springframework/spring-aop/5.3.23/spring-aop-5.3.23.jar:/home/kali/.m2/repository/org/springframework/spring-context/5.3.23/spring-context-5.3.23.jar:/home/kali/.m2/repository/org/springframework/spring-expression/5.3.23/spring-expression-5.3.23.jar:/home/kali/.m2/repository/org/springframework/boot/spring-boot-starter-test/2.7.4/spring-boot-starter-test-2.7.4.jar:/home/kali/.m2/repository/org/springframework/boot/spring-boot-test/2.7.4/spring-boot-test-2.7.4.jar:/home/kali/.m2/repository/org/springframework/boot/spring-boot-test-autoconfigure/2.7.4/spring-boot-test-autoconfigure-2.7.4.jar:/home/kali/.m2/repository/com/jayway/jsonpath/json-path/2.7.0/json-path-2.7.0.jar:/home/kali/.m2/repository/net/minidev/json-smart/2.4.8/json-smart-2.4.8.jar:/home/kali/.m2/repository/net/minidev/accessors-smart/2.4.8/accessors-smart-2.4.8.jar:/home/kali/.m2/repository/org/ow2/asm/asm/9.1/asm-9.1.jar:/home/kali/.m2/repository/jakarta/xml/bind/jakarta.xml.bind-api/2.3.3/jakarta.xml.bind-api-2.3.3.jar:/home/kali/.m2/repository/jakarta/activation/jakarta.activation-api/1.2.2/jakarta.activation-api-1.2.2.jar:/home/kali/.m2/repository/org/assertj/assertj-core/3.22.0/assertj-core-3.22.0.jar:/home/kali/.m2/repository/org/hamcrest/hamcrest/2.2/hamcrest-2.2.jar:/home/kali/.m2/repository/org/mockito/mockito-core/4.5.1/mockito-core-4.5.1.jar:/home/kali/.m2/repository/net/bytebuddy/byte-buddy/1.12.17/byte-buddy-1.12.17.jar:/home/kali/.m2/repository/net/bytebuddy/byte-buddy-agent/1.12.17/byte-buddy-agent-1.12.17.jar:/home/kali/.m2/repository/org/objenesis/objenesis/3.2/objenesis-3.2.jar:/home/kali/.m2/repository/org/skyscreamer/jsonassert/1.5.1/jsonassert-1.5.1.jar:/home/kali/.m2/repository/com/vaadin/external/google/android-json/0.0.20131108.vaadin1/android-json-0.0.20131108.vaadin1.jar:/home/kali/.m2/repository/org/springframework/spring-core/5.3.23/spring-core-5.3.23.jar:/home/kali/.m2/repository/org/springframework/spring-jcl/5.3.23/spring-jcl-5.3.23.jar:/home/kali/.m2/repository/org/xmlunit/xmlunit-core/2.9.0/xmlunit-core-2.9.0.jar:/home/kali/.m2/repository/org/springframework/boot/spring-boot-starter-data-jpa/2.7.4/spring-boot-starter-data-jpa-2.7.4.jar:/home/kali/.m2/repository/org/springframework/boot/spring-boot-starter-aop/2.7.4/spring-boot-starter-aop-2.7.4.jar:/home/kali/.m2/repository/org/aspectj/aspectjweaver/1.9.7/aspectjweaver-1.9.7.jar:/home/kali/.m2/repository/jakarta/transaction/jakarta.transaction-api/1.3.3/jakarta.transaction-api-1.3.3.jar:/home/kali/.m2/repository/jakarta/persistence/jakarta.persistence-api/2.2.3/jakarta.persistence-api-2.2.3.jar:/home/kali/.m2/repository/org/hibernate/hibernate-core/5.6.11.Final/hibernate-core-5.6.11.Final.jar:/home/kali/.m2/repository/org/jboss/logging/jboss-logging/3.4.3.Final/jboss-logging-3.4.3.Final.jar:/home/kali/.m2/repository/antlr/antlr/2.7.7/antlr-2.7.7.jar:/home/kali/.m2/repository/org/jboss/jandex/2.4.2.Final/jandex-2.4.2.Final.jar:/home/kali/.m2/repository/com/fasterxml/classmate/1.5.1/classmate-1.5.1.jar:/home/kali/.m2/repository/org/hibernate/common/hibernate-commons-annotations/5.1.2.Final/hibernate-commons-annotations-5.1.2.Final.jar:/home/kali/.m2/repository/org/glassfish/jaxb/jaxb-runtime/2.3.6/jaxb-runtime-2.3.6.jar:/home/kali/.m2/repository/org/glassfish/jaxb/txw2/2.3.6/txw2-2.3.6.jar:/home/kali/.m2/repository/com/sun/istack/istack-commons-runtime/3.0.12/istack-commons-runtime-3.0.12.jar:/home/kali/.m2/repository/com/sun/activation/jakarta.activation/1.2.2/jakarta.activation-1.2.2.jar:/home/kali/.m2/repository/org/springframework/data/spring-data-jpa/2.7.3/spring-data-jpa-2.7.3.jar:/home/kali/.m2/repository/org/springframework/data/spring-data-commons/2.7.3/spring-data-commons-2.7.3.jar:/home/kali/.m2/repository/org/springframework/spring-orm/5.3.23/spring-orm-5.3.23.jar:/home/kali/.m2/repository/org/springframework/spring-tx/5.3.23/spring-tx-5.3.23.jar:/home/kali/.m2/repository/org/springframework/spring-aspects/5.3.23/spring-aspects-5.3.23.jar:/home/kali/.m2/repository/org/springframework/boot/spring-boot-starter-jdbc/2.7.4/spring-boot-starter-jdbc-2.7.4.jar:/home/kali/.m2/repository/com/zaxxer/HikariCP/4.0.3/HikariCP-4.0.3.jar:/home/kali/.m2/repository/org/springframework/spring-jdbc/5.3.23/spring-jdbc-5.3.23.jar:/home/kali/.m2/repository/mysql/mysql-connector-java/8.0.30/mysql-connector-java-8.0.30.jar:/home/kali/.m2/repository/org/junit/jupiter/junit-jupiter/5.6.0/junit-jupiter-5.6.0.jar:/home/kali/.m2/repository/org/junit/jupiter/junit-jupiter-api/5.8.2/junit-jupiter-api-5.8.2.jar:/home/kali/.m2/repository/org/opentest4j/opentest4j/1.2.0/opentest4j-1.2.0.jar:/home/kali/.m2/repository/org/apiguardian/apiguardian-api/1.1.2/apiguardian-api-1.1.2.jar:/home/kali/.m2/repository/org/junit/jupiter/junit-jupiter-params/5.8.2/junit-jupiter-params-5.8.2.jar:/home/kali/.m2/repository/org/junit/jupiter/junit-jupiter-engine/5.8.2/junit-jupiter-engine-5.8.2.jar:/home/kali/.m2/repository/org/junit/platform/junit-platform-engine/1.8.2/junit-platform-engine-1.8.2.jar:/home/kali/.m2/repository/org/mockito/mockito-junit-jupiter/3.2.4/mockito-junit-jupiter-3.2.4.jar:/home/kali/.m2/repository/org/springframework/spring-test/5.3.18/spring-test-5.3.18.jar:/home/kali/.m2/repository/org/dbunit/dbunit/2.7.0/dbunit-2.7.0.jar:/home/kali/.m2/repository/org/slf4j/slf4j-api/1.7.36/slf4j-api-1.7.36.jar:/home/kali/.m2/repository/junit/junit/4.13.2/junit-4.13.2.jar:/home/kali/.m2/repository/org/hamcrest/hamcrest-core/2.2/hamcrest-core-2.2.jar:/home/kali/.m2/repository/commons-collections/commons-collections/3.2.2/commons-collections-3.2.2.jar:/home/kali/.m2/repository/org/apache/poi/poi-ooxml/3.17/poi-ooxml-3.17.jar:/home/kali/.m2/repository/org/apache/poi/poi/3.17/poi-3.17.jar:/home/kali/.m2/repository/commons-codec/commons-codec/1.15/commons-codec-1.15.jar:/home/kali/.m2/repository/org/apache/commons/commons-collections4/4.1/commons-collections4-4.1.jar:/home/kali/.m2/repository/org/apache/poi/poi-ooxml-schemas/3.17/poi-ooxml-schemas-3.17.jar:/home/kali/.m2/repository/org/apache/xmlbeans/xmlbeans/2.6.0/xmlbeans-2.6.0.jar:/home/kali/.m2/repository/stax/stax-api/1.0.1/stax-api-1.0.1.jar:/home/kali/.m2/repository/com/github/virtuald/curvesapi/1.04/curvesapi-1.04.jar:/home/kali/.m2/repository/org/postgresql/postgresql/42.3.7/postgresql-42.3.7.jar:/home/kali/.m2/repository/org/checkerframework/checker-qual/3.5.0/checker-qual-3.5.0.jar:/home/kali/.m2/repository/com/github/database-rider/rider-core/1.10.0/rider-core-1.10.0.jar:/home/kali/.m2/repository/org/yaml/snakeyaml/1.30/snakeyaml-1.30.jar:/home/kali/.m2/repository/org/codehaus/jackson/jackson-mapper-lgpl/1.2.1/jackson-mapper-lgpl-1.2.1.jar:/home/kali/.m2/repository/org/codehaus/jackson/jackson-core-lgpl/1.2.1/jackson-core-lgpl-1.2.1.jar:/home/kali/.m2/repository/com/h2database/h2/2.1.214/h2-2.1.214.jar:/home/kali/.m2/repository/com/github/database-rider/rider-junit5/1.10.0/rider-junit5-1.10.0.jar:/home/kali/.m2/repository/org/junit/platform/junit-platform-commons/1.8.2/junit-platform-commons-1.8.2.jar:/home/kali/.m2/repository/com/github/springtestdbunit/spring-test-dbunit/1.3.0/spring-test-dbunit-1.3.0.jar:"/>
    <property name="java.vm.vendor" value="Debian"/>
    <property name="sun.arch.data.model" value="64"/>
    <property name="swing.aatext" value="true"/>
    <property name="java.vendor.url" value="https://tracker.debian.org/openjdk-11"/>
    <property name="user.timezone" value="US/Eastern"/>
    <property name="java.vm.specification.version" value="11"/>
    <property name="os.name" value="Linux"/>
    <property name="sun.java.launcher" value="SUN_STANDARD"/>
    <property name="user.country" value="US"/>
    <property name="sun.boot.library.path" value="/usr/lib/jvm/java-11-openjdk-amd64/lib"/>
    <property name="sun.java.command" value="/home/kali/DevOpsProject/target/surefire/surefirebooter1120782461244367099.jar /home/kali/DevOpsProject/target/surefire 2022-12-08T17-38-41_549-jvmRun1 surefire16267231573376764026tmp surefire_07945264683039754581tmp"/>
    <property name="jdk.debug" value="release"/>
    <property name="surefire.test.class.path" value="/home/kali/DevOpsProject/target/test-classes:/home/kali/DevOpsProject/target/classes:/home/kali/.m2/repository/org/springframework/boot/spring-boot-starter-web/2.7.4/spring-boot-starter-web-2.7.4.jar:/home/kali/.m2/repository/org/springframework/boot/spring-boot-starter/2.7.4/spring-boot-starter-2.7.4.jar:/home/kali/.m2/repository/org/springframework/boot/spring-boot/2.7.4/spring-boot-2.7.4.jar:/home/kali/.m2/repository/org/springframework/boot/spring-boot-autoconfigure/2.7.4/spring-boot-autoconfigure-2.7.4.jar:/home/kali/.m2/repository/org/springframework/boot/spring-boot-starter-logging/2.7.4/spring-boot-starter-logging-2.7.4.jar:/home/kali/.m2/repository/ch/qos/logback/logback-classic/1.2.11/logback-classic-1.2.11.jar:/home/kali/.m2/repository/ch/qos/logback/logback-core/1.2.11/logback-core-1.2.11.jar:/home/kali/.m2/repository/org/apache/logging/log4j/log4j-to-slf4j/2.17.2/log4j-to-slf4j-2.17.2.jar:/home/kali/.m2/repository/org/apache/logging/log4j/log4j-api/2.17.2/log4j-api-2.17.2.jar:/home/kali/.m2/repository/org/slf4j/jul-to-slf4j/1.7.36/jul-to-slf4j-1.7.36.jar:/home/kali/.m2/repository/jakarta/annotation/jakarta.annotation-api/1.3.5/jakarta.annotation-api-1.3.5.jar:/home/kali/.m2/repository/org/springframework/boot/spring-boot-starter-json/2.7.4/spring-boot-starter-json-2.7.4.jar:/home/kali/.m2/repository/com/fasterxml/jackson/core/jackson-databind/2.13.4/jackson-databind-2.13.4.jar:/home/kali/.m2/repository/com/fasterxml/jackson/core/jackson-annotations/2.13.4/jackson-annotations-2.13.4.jar:/home/kali/.m2/repository/com/fasterxml/jackson/core/jackson-core/2.13.4/jackson-core-2.13.4.jar:/home/kali/.m2/repository/com/fasterxml/jackson/datatype/jackson-datatype-jdk8/2.13.4/jackson-datatype-jdk8-2.13.4.jar:/home/kali/.m2/repository/com/fasterxml/jackson/datatype/jackson-datatype-jsr310/2.13.4/jackson-datatype-jsr310-2.13.4.jar:/home/kali/.m2/repository/com/fasterxml/jackson/module/jackson-module-parameter-names/2.13.4/jackson-module-parameter-names-2.13.4.jar:/home/kali/.m2/repository/org/springframework/boot/spring-boot-starter-tomcat/2.7.4/spring-boot-starter-tomcat-2.7.4.jar:/home/kali/.m2/repository/org/apache/tomcat/embed/tomcat-embed-core/9.0.65/tomcat-embed-core-9.0.65.jar:/home/kali/.m2/repository/org/apache/tomcat/embed/tomcat-embed-el/9.0.65/tomcat-embed-el-9.0.65.jar:/home/kali/.m2/repository/org/apache/tomcat/embed/tomcat-embed-websocket/9.0.65/tomcat-embed-websocket-9.0.65.jar:/home/kali/.m2/repository/org/springframework/spring-web/5.3.23/spring-web-5.3.23.jar:/home/kali/.m2/repository/org/springframework/spring-beans/5.3.23/spring-beans-5.3.23.jar:/home/kali/.m2/repository/org/springframework/spring-webmvc/5.3.23/spring-webmvc-5.3.23.jar:/home/kali/.m2/repository/org/springframework/spring-aop/5.3.23/spring-aop-5.3.23.jar:/home/kali/.m2/repository/org/springframework/spring-context/5.3.23/spring-context-5.3.23.jar:/home/kali/.m2/repository/org/springframework/spring-expression/5.3.23/spring-expression-5.3.23.jar:/home/kali/.m2/repository/org/springframework/boot/spring-boot-starter-test/2.7.4/spring-boot-starter-test-2.7.4.jar:/home/kali/.m2/repository/org/springframework/boot/spring-boot-test/2.7.4/spring-boot-test-2.7.4.jar:/home/kali/.m2/repository/org/springframework/boot/spring-boot-test-autoconfigure/2.7.4/spring-boot-test-autoconfigure-2.7.4.jar:/home/kali/.m2/repository/com/jayway/jsonpath/json-path/2.7.0/json-path-2.7.0.jar:/home/kali/.m2/repository/net/minidev/json-smart/2.4.8/json-smart-2.4.8.jar:/home/kali/.m2/repository/net/minidev/accessors-smart/2.4.8/accessors-smart-2.4.8.jar:/home/kali/.m2/repository/org/ow2/asm/asm/9.1/asm-9.1.jar:/home/kali/.m2/repository/jakarta/xml/bind/jakarta.xml.bind-api/2.3.3/jakarta.xml.bind-api-2.3.3.jar:/home/kali/.m2/repository/jakarta/activation/jakarta.activation-api/1.2.2/jakarta.activation-api-1.2.2.jar:/home/kali/.m2/repository/org/assertj/assertj-core/3.22.0/assertj-core-3.22.0.jar:/home/kali/.m2/repository/org/hamcrest/hamcrest/2.2/hamcrest-2.2.jar:/home/kali/.m2/repository/org/mockito/mockito-core/4.5.1/mockito-core-4.5.1.jar:/home/kali/.m2/repository/net/bytebuddy/byte-buddy/1.12.17/byte-buddy-1.12.17.jar:/home/kali/.m2/repository/net/bytebuddy/byte-buddy-agent/1.12.17/byte-buddy-agent-1.12.17.jar:/home/kali/.m2/repository/org/objenesis/objenesis/3.2/objenesis-3.2.jar:/home/kali/.m2/repository/org/skyscreamer/jsonassert/1.5.1/jsonassert-1.5.1.jar:/home/kali/.m2/repository/com/vaadin/external/google/android-json/0.0.20131108.vaadin1/android-json-0.0.20131108.vaadin1.jar:/home/kali/.m2/repository/org/springframework/spring-core/5.3.23/spring-core-5.3.23.jar:/home/kali/.m2/repository/org/springframework/spring-jcl/5.3.23/spring-jcl-5.3.23.jar:/home/kali/.m2/repository/org/xmlunit/xmlunit-core/2.9.0/xmlunit-core-2.9.0.jar:/home/kali/.m2/repository/org/springframework/boot/spring-boot-starter-data-jpa/2.7.4/spring-boot-starter-data-jpa-2.7.4.jar:/home/kali/.m2/repository/org/springframework/boot/spring-boot-starter-aop/2.7.4/spring-boot-starter-aop-2.7.4.jar:/home/kali/.m2/repository/org/aspectj/aspectjweaver/1.9.7/aspectjweaver-1.9.7.jar:/home/kali/.m2/repository/jakarta/transaction/jakarta.transaction-api/1.3.3/jakarta.transaction-api-1.3.3.jar:/home/kali/.m2/repository/jakarta/persistence/jakarta.persistence-api/2.2.3/jakarta.persistence-api-2.2.3.jar:/home/kali/.m2/repository/org/hibernate/hibernate-core/5.6.11.Final/hibernate-core-5.6.11.Final.jar:/home/kali/.m2/repository/org/jboss/logging/jboss-logging/3.4.3.Final/jboss-logging-3.4.3.Final.jar:/home/kali/.m2/repository/antlr/antlr/2.7.7/antlr-2.7.7.jar:/home/kali/.m2/repository/org/jboss/jandex/2.4.2.Final/jandex-2.4.2.Final.jar:/home/kali/.m2/repository/com/fasterxml/classmate/1.5.1/classmate-1.5.1.jar:/home/kali/.m2/repository/org/hibernate/common/hibernate-commons-annotations/5.1.2.Final/hibernate-commons-annotations-5.1.2.Final.jar:/home/kali/.m2/repository/org/glassfish/jaxb/jaxb-runtime/2.3.6/jaxb-runtime-2.3.6.jar:/home/kali/.m2/repository/org/glassfish/jaxb/txw2/2.3.6/txw2-2.3.6.jar:/home/kali/.m2/repository/com/sun/istack/istack-commons-runtime/3.0.12/istack-commons-runtime-3.0.12.jar:/home/kali/.m2/repository/com/sun/activation/jakarta.activation/1.2.2/jakarta.activation-1.2.2.jar:/home/kali/.m2/repository/org/springframework/data/spring-data-jpa/2.7.3/spring-data-jpa-2.7.3.jar:/home/kali/.m2/repository/org/springframework/data/spring-data-commons/2.7.3/spring-data-commons-2.7.3.jar:/home/kali/.m2/repository/org/springframework/spring-orm/5.3.23/spring-orm-5.3.23.jar:/home/kali/.m2/repository/org/springframework/spring-tx/5.3.23/spring-tx-5.3.23.jar:/home/kali/.m2/repository/org/springframework/spring-aspects/5.3.23/spring-aspects-5.3.23.jar:/home/kali/.m2/repository/org/springframework/boot/spring-boot-starter-jdbc/2.7.4/spring-boot-starter-jdbc-2.7.4.jar:/home/kali/.m2/repository/com/zaxxer/HikariCP/4.0.3/HikariCP-4.0.3.jar:/home/kali/.m2/repository/org/springframework/spring-jdbc/5.3.23/spring-jdbc-5.3.23.jar:/home/kali/.m2/repository/mysql/mysql-connector-java/8.0.30/mysql-connector-java-8.0.30.jar:/home/kali/.m2/repository/org/junit/jupiter/junit-jupiter/5.6.0/junit-jupiter-5.6.0.jar:/home/kali/.m2/repository/org/junit/jupiter/junit-jupiter-api/5.8.2/junit-jupiter-api-5.8.2.jar:/home/kali/.m2/repository/org/opentest4j/opentest4j/1.2.0/opentest4j-1.2.0.jar:/home/kali/.m2/repository/org/apiguardian/apiguardian-api/1.1.2/apiguardian-api-1.1.2.jar:/home/kali/.m2/repository/org/junit/jupiter/junit-jupiter-params/5.8.2/junit-jupiter-params-5.8.2.jar:/home/kali/.m2/repository/org/junit/jupiter/junit-jupiter-engine/5.8.2/junit-jupiter-engine-5.8.2.jar:/home/kali/.m2/repository/org/junit/platform/junit-platform-engine/1.8.2/junit-platform-engine-1.8.2.jar:/home/kali/.m2/repository/org/mockito/mockito-junit-jupiter/3.2.4/mockito-junit-jupiter-3.2.4.jar:/home/kali/.m2/repository/org/springframework/spring-test/5.3.18/spring-test-5.3.18.jar:/home/kali/.m2/repository/org/dbunit/dbunit/2.7.0/dbunit-2.7.0.jar:/home/kali/.m2/repository/org/slf4j/slf4j-api/1.7.36/slf4j-api-1.7.36.jar:/home/kali/.m2/repository/junit/junit/4.13.2/junit-4.13.2.jar:/home/kali/.m2/repository/org/hamcrest/hamcrest-core/2.2/hamcrest-core-2.2.jar:/home/kali/.m2/repository/commons-collections/commons-collections/3.2.2/commons-collections-3.2.2.jar:/home/kali/.m2/repository/org/apache/poi/poi-ooxml/3.17/poi-ooxml-3.17.jar:/home/kali/.m2/repository/org/apache/poi/poi/3.17/poi-3.17.jar:/home/kali/.m2/repository/commons-codec/commons-codec/1.15/commons-codec-1.15.jar:/home/kali/.m2/repository/org/apache/commons/commons-collections4/4.1/commons-collections4-4.1.jar:/home/kali/.m2/repository/org/apache/poi/poi-ooxml-schemas/3.17/poi-ooxml-schemas-3.17.jar:/home/kali/.m2/repository/org/apache/xmlbeans/xmlbeans/2.6.0/xmlbeans-2.6.0.jar:/home/kali/.m2/repository/stax/stax-api/1.0.1/stax-api-1.0.1.jar:/home/kali/.m2/repository/com/github/virtuald/curvesapi/1.04/curvesapi-1.04.jar:/home/kali/.m2/repository/org/postgresql/postgresql/42.3.7/postgresql-42.3.7.jar:/home/kali/.m2/repository/org/checkerframework/checker-qual/3.5.0/checker-qual-3.5.0.jar:/home/kali/.m2/repository/com/github/database-rider/rider-core/1.10.0/rider-core-1.10.0.jar:/home/kali/.m2/repository/org/yaml/snakeyaml/1.30/snakeyaml-1.30.jar:/home/kali/.m2/repository/org/codehaus/jackson/jackson-mapper-lgpl/1.2.1/jackson-mapper-lgpl-1.2.1.jar:/home/kali/.m2/repository/org/codehaus/jackson/jackson-core-lgpl/1.2.1/jackson-core-lgpl-1.2.1.jar:/home/kali/.m2/repository/com/h2database/h2/2.1.214/h2-2.1.214.jar:/home/kali/.m2/repository/com/github/database-rider/rider-junit5/1.10.0/rider-junit5-1.10.0.jar:/home/kali/.m2/repository/org/junit/platform/junit-platform-commons/1.8.2/junit-platform-commons-1.8.2.jar:/home/kali/.m2/repository/com/github/springtestdbunit/spring-test-dbunit/1.3.0/spring-test-dbunit-1.3.0.jar:"/>
    <property name="sun.cpu.endian" value="little"/>
    <property name="user.home" value="/home/kali"/>
    <property name="user.language" value="en"/>
    <property name="java.specification.vendor" value="Oracle Corporation"/>
    <property name="java.version.date" value="2022-01-18"/>
    <property name="java.home" value="/usr/lib/jvm/java-11-openjdk-amd64"/>
    <property name="file.separator" value="/"/>
    <property name="basedir" value="/home/kali/DevOpsProject"/>
    <property name="java.vm.compressedOopsMode" value="32-bit"/>
    <property name="line.separator" value="&#10;"/>
    <property name="java.specification.name" value="Java Platform API Specification"/>
    <property name="java.vm.specification.vendor" value="Oracle Corporation"/>
    <property name="FILE_LOG_CHARSET" value="UTF-8"/>
    <property name="java.awt.graphicsenv" value="sun.awt.X11GraphicsEnvironment"/>
    <property name="java.awt.headless" value="true"/>
    <property name="surefire.real.class.path" value="/home/kali/DevOpsProject/target/surefire/surefirebooter1120782461244367099.jar"/>
    <property name="awt.useSystemAAFontSettings" value="on"/>
    <property name="sun.management.compiler" value="HotSpot 64-Bit Tiered Compilers"/>
    <property name="java.runtime.version" value="11.0.14+9-post-Debian-1"/>
    <property name="user.name" value="kali"/>
    <property name="path.separator" value=":"/>
    <property name="os.version" value="5.15.0-kali3-amd64"/>
    <property name="java.runtime.name" value="OpenJDK Runtime Environment"/>
    <property name="file.encoding" value="UTF-8"/>
    <property name="spring.beaninfo.ignore" value="true"/>
    <property name="java.vm.name" value="OpenJDK 64-Bit Server VM"/>
    <property name="localRepository" value="/home/kali/.m2/repository"/>
    <property name="java.vendor.url.bug" value="https://bugs.debian.org/openjdk-11"/>
    <property name="java.io.tmpdir" value="/tmp"/>
    <property name="com.zaxxer.hikari.pool_number" value="3"/>
    <property name="java.version" value="11.0.14"/>
    <property name="user.dir" value="/home/kali/DevOpsProject"/>
    <property name="os.arch" value="amd64"/>
    <property name="java.vm.specification.name" value="Java Virtual Machine Specification"/>
    <property name="PID" value="46893"/>
    <property name="java.awt.printerjob" value="sun.print.PSPrinterJob"/>
    <property name="sun.os.patch.level" value="unknown"/>
    <property name="CONSOLE_LOG_CHARSET" value="UTF-8"/>
    <property name="java.library.path" value="/usr/java/packages/lib:/usr/lib/x86_64-linux-gnu/jni:/lib/x86_64-linux-gnu:/usr/lib/x86_64-linux-gnu:/usr/lib/jni:/lib:/usr/lib"/>
    <property name="java.vm.info" value="mixed mode, sharing"/>
    <property name="java.vendor" value="Debian"/>
    <property name="java.vm.version" value="11.0.14+9-post-Debian-1"/>
    <property name="sun.io.unicode.encoding" value="UnicodeLittle"/>
    <property name="java.class.version" value="55.0"/>
  </properties>
  <testcase name="createTeacherTest" classname="com.example.devopsproject.services.TeacherRepositoryTest" time="0.008">
    <system-out><![CDATA[2022-12-08 17:38:57.980  INFO 46893 --- [           main] .b.t.c.SpringBootTestContextBootstrapper : Neither @ContextConfiguration nor @ContextHierarchy found for test class [com.example.devopsproject.services.TeacherRepositoryTest], using SpringBootContextLoader
2022-12-08 17:38:57.981  INFO 46893 --- [           main] o.s.t.c.support.AbstractContextLoader    : Could not detect default resource locations for test class [com.example.devopsproject.services.TeacherRepositoryTest]: no resource found for suffixes {-context.xml, Context.groovy}.
2022-12-08 17:38:57.982  INFO 46893 --- [           main] t.c.s.AnnotationConfigContextLoaderUtils : Could not detect default configuration classes for test class [com.example.devopsproject.services.TeacherRepositoryTest]: TeacherRepositoryTest does not declare any static, non-private, non-final, nested classes annotated with @Configuration.
2022-12-08 17:38:57.984  INFO 46893 --- [           main] .b.t.c.SpringBootTestContextBootstrapper : Found @SpringBootConfiguration com.example.devopsproject.DevopsProjectApplication for test class com.example.devopsproject.services.TeacherRepositoryTest
2022-12-08 17:38:57.987  INFO 46893 --- [           main] .b.t.c.SpringBootTestContextBootstrapper : Loaded default TestExecutionListener class names from location [META-INF/spring.factories]: [org.springframework.boot.test.mock.mockito.MockitoTestExecutionListener, org.springframework.boot.test.mock.mockito.ResetMocksTestExecutionListener, org.springframework.boot.test.autoconfigure.restdocs.RestDocsTestExecutionListener, org.springframework.boot.test.autoconfigure.web.client.MockRestServiceServerResetTestExecutionListener, org.springframework.boot.test.autoconfigure.web.servlet.MockMvcPrintOnlyOnFailureTestExecutionListener, org.springframework.boot.test.autoconfigure.web.servlet.WebDriverTestExecutionListener, org.springframework.boot.test.autoconfigure.webservices.client.MockWebServiceServerTestExecutionListener, org.springframework.test.context.web.ServletTestExecutionListener, org.springframework.test.context.support.DirtiesContextBeforeModesTestExecutionListener, org.springframework.test.context.event.ApplicationEventsTestExecutionListener, org.springframework.test.context.support.DependencyInjectionTestExecutionListener, org.springframework.test.context.support.DirtiesContextTestExecutionListener, org.springframework.test.context.transaction.TransactionalTestExecutionListener, org.springframework.test.context.jdbc.SqlScriptsTestExecutionListener, org.springframework.test.context.event.EventPublishingTestExecutionListener]
2022-12-08 17:38:57.988  INFO 46893 --- [           main] .b.t.c.SpringBootTestContextBootstrapper : Using TestExecutionListeners: [org.springframework.test.context.web.ServletTestExecutionListener@28f6d223, org.springframework.test.context.support.DirtiesContextBeforeModesTestExecutionListener@ad10c6e, org.springframework.test.context.event.ApplicationEventsTestExecutionListener@6a713d9a, org.springframework.boot.test.mock.mockito.MockitoTestExecutionListener@7b785caa, org.springframework.boot.test.autoconfigure.SpringBootDependencyInjectionTestExecutionListener@6501ee2c, org.springframework.test.context.support.DirtiesContextTestExecutionListener@67b13c9e, org.springframework.test.context.transaction.TransactionalTestExecutionListener@4cf501f, org.springframework.test.context.jdbc.SqlScriptsTestExecutionListener@3d6bc120, org.springframework.test.context.event.EventPublishingTestExecutionListener@57f1382f, org.springframework.boot.test.mock.mockito.ResetMocksTestExecutionListener@39cabb83, org.springframework.boot.test.autoconfigure.restdocs.RestDocsTestExecutionListener@47fb4b0d, org.springframework.boot.test.autoconfigure.web.client.MockRestServiceServerResetTestExecutionListener@24faf013, org.springframework.boot.test.autoconfigure.web.servlet.MockMvcPrintOnlyOnFailureTestExecutionListener@7a9494e3, org.springframework.boot.test.autoconfigure.web.servlet.WebDriverTestExecutionListener@166e3e91, org.springframework.boot.test.autoconfigure.webservices.client.MockWebServiceServerTestExecutionListener@bd0bc72]

  .   ____          _            __ _ _
 /\\ / ___'_ __ _ _(_)_ __  __ _ \ \ \ \
( ( )\___ | '_ | '_| | '_ \/ _` | \ \ \ \
 \\/  ___)| |_)| | | | | || (_| |  ) ) ) )
  '  |____| .__|_| |_|_| |_\__, | / / / /
 =========|_|==============|___/=/_/_/_/
 :: Spring Boot ::                (v2.7.4)

2022-12-08 17:38:58.033  INFO 46893 --- [           main] c.e.d.services.TeacherRepositoryTest     : Starting TeacherRepositoryTest using Java 11.0.14 on kali with PID 46893 (started by kali in /home/kali/DevOpsProject)
2022-12-08 17:38:58.033  INFO 46893 --- [           main] c.e.d.services.TeacherRepositoryTest     : No active profile set, falling back to 1 default profile: "default"
2022-12-08 17:38:58.284  INFO 46893 --- [           main] .s.d.r.c.RepositoryConfigurationDelegate : Bootstrapping Spring Data JPA repositories in DEFAULT mode.
2022-12-08 17:38:58.297  INFO 46893 --- [           main] .s.d.r.c.RepositoryConfigurationDelegate : Finished Spring Data repository scanning in 12 ms. Found 2 JPA repository interfaces.
2022-12-08 17:38:58.487  INFO 46893 --- [           main] com.zaxxer.hikari.HikariDataSource       : HikariPool-3 - Starting...
2022-12-08 17:38:58.498  INFO 46893 --- [           main] com.zaxxer.hikari.HikariDataSource       : HikariPool-3 - Start completed.
2022-12-08 17:38:58.542  INFO 46893 --- [           main] o.hibernate.jpa.internal.util.LogHelper  : HHH000204: Processing PersistenceUnitInfo [name: default]
2022-12-08 17:38:58.550  INFO 46893 --- [           main] org.hibernate.dialect.Dialect            : HHH000400: Using dialect: org.hibernate.dialect.MySQL5Dialect
2022-12-08 17:38:58.664  INFO 46893 --- [           main] o.h.e.t.j.p.i.JtaPlatformInitiator       : HHH000490: Using JtaPlatform implementation: [org.hibernate.engine.transaction.jta.platform.internal.NoJtaPlatform]
2022-12-08 17:38:58.665  INFO 46893 --- [           main] j.LocalContainerEntityManagerFactoryBean : Initialized JPA EntityManagerFactory for persistence unit 'default'
2022-12-08 17:38:59.026  WARN 46893 --- [           main] JpaBaseConfiguration$JpaWebConfiguration : spring.jpa.open-in-view is enabled by default. Therefore, database queries may be performed during view rendering. Explicitly configure spring.jpa.open-in-view to disable this warning
2022-12-08 17:38:59.447  INFO 46893 --- [           main] c.e.d.services.TeacherRepositoryTest     : Started TeacherRepositoryTest in 1.455 seconds (JVM running for 17.367)
]]></system-out>
  </testcase>
  <testcase name="getAllTeachersTest" classname="com.example.devopsproject.services.TeacherRepositoryTest" time="0.007"/>
  <testcase name="getTeacherByIdTest" classname="com.example.devopsproject.services.TeacherRepositoryTest" time="0.008"/>
</testsuite>